<?xml version="1.0" encoding="UTF-8"?>
<!-- Generated by org.testng.reporters.JUnitXMLReporter -->
<testsuite ignored="0" hostname="DESKTOP-GH8EBEI" failures="0" tests="5" name="Default test" time="0.081" errors="0" timestamp="2023-04-23T18:55:58 IST">
  <testcase classname="GroupingInTestNG.TestGroup2" name="TC10" time="0.015"/>
  <testcase classname="GroupingInTestNG.TestGroup2" name="TC6" time="0.001"/>
  <testcase classname="GroupingInTestNG.TestGroup2" name="TC7" time="0.002"/>
  <testcase classname="GroupingInTestNG.TestGroup2" name="TC8" time="0.001"/>
  <testcase classname="GroupingInTestNG.TestGroup2" name="TC9" time="0.001"/>
</testsuite> <!-- Default test -->
