<?xml version="1.0" encoding="UTF-8"?>
<!-- Generated by org.testng.reporters.JUnitXMLReporter -->
<testsuite ignored="7" hostname="DESKTOP-GH8EBEI" failures="0" tests="3" name="Default test(failed)(failed)" time="0.071" errors="0" timestamp="2023-04-23T18:58:51 IST">
  <testcase classname="TestNgxmlStudy11.Test123" name="TC10" time="0.012"/>
  <testcase classname="TestNgxmlStudy11.Test123" name="TC8" time="0.004"/>
  <testcase classname="TestNgxmlStudy11.Test123" name="TC9" time="0.002"/>
  <testcase classname="GroupingInTestNG.TestGroup1" name="TC2" time="0.0">
    <ignored/>
  </testcase> <!-- TC2 -->
  <testcase classname="GroupingInTestNG.TestGroup1" name="TC3" time="0.0">
    <ignored/>
  </testcase> <!-- TC3 -->
  <testcase classname="GroupingInTestNG.TestGroup1" name="TC4" time="0.0">
    <ignored/>
  </testcase> <!-- TC4 -->
  <testcase classname="GroupingInTestNG.TestGroup1" name="TC5" time="0.0">
    <ignored/>
  </testcase> <!-- TC5 -->
  <testcase classname="TestNgxmlStudy11.Test123" name="TC6" time="0.0">
    <ignored/>
  </testcase> <!-- TC6 -->
  <testcase classname="GroupingInTestNG.TestGroup1" name="TC1" time="0.0">
    <ignored/>
  </testcase> <!-- TC1 -->
  <testcase classname="TestNgxmlStudy11.Test123" name="TC7" time="0.0">
    <ignored/>
  </testcase> <!-- TC7 -->
</testsuite> <!-- Default test(failed)(failed) -->
