<?xml version="1.0" encoding="UTF-8"?>
<testng-results ignored="7" total="10" passed="3" failed="0" skipped="0">
  <reporter-output>
    <line>
      <![CDATA[Running TC10 ]]>
    </line>
    <line>
      <![CDATA[Running TC8 ]]>
    </line>
    <line>
      <![CDATA[Running TC9 ]]>
    </line>
  </reporter-output>
  <suite started-at="2023-04-23T18:58:51 IST" name="Failed suite [Failed suite [Default suite]]" finished-at="2023-04-23T18:58:51 IST" duration-ms="71">
    <groups>
    </groups>
    <test started-at="2023-04-23T18:58:51 IST" name="Default test(failed)(failed)" finished-at="2023-04-23T18:58:51 IST" duration-ms="71">
      <class name="TestNgxmlStudy11.Test123">
        <test-method signature="TC10()[pri:0, instance:TestNgxmlStudy11.Test123@6973b51b]" started-at="2023-04-23T18:58:51 IST" name="TC10" finished-at="2023-04-23T18:58:51 IST" duration-ms="12" status="PASS">
          <reporter-output>
            <line>
              <![CDATA[Running TC10 ]]>
            </line>
          </reporter-output>
        </test-method> <!-- TC10 -->
        <test-method signature="TC8()[pri:0, instance:TestNgxmlStudy11.Test123@6973b51b]" started-at="2023-04-23T18:58:51 IST" name="TC8" finished-at="2023-04-23T18:58:51 IST" duration-ms="4" status="PASS">
          <reporter-output>
            <line>
              <![CDATA[Running TC8 ]]>
            </line>
          </reporter-output>
        </test-method> <!-- TC8 -->
        <test-method signature="TC9()[pri:0, instance:TestNgxmlStudy11.Test123@6973b51b]" started-at="2023-04-23T18:58:51 IST" name="TC9" finished-at="2023-04-23T18:58:51 IST" duration-ms="2" status="PASS">
          <reporter-output>
            <line>
              <![CDATA[Running TC9 ]]>
            </line>
          </reporter-output>
        </test-method> <!-- TC9 -->
      </class> <!-- TestNgxmlStudy11.Test123 -->
    </test> <!-- Default test(failed)(failed) -->
  </suite> <!-- Failed suite [Failed suite [Default suite]] -->
</testng-results>
